YfCloudPlayer/build/outputs/logs/manifest-merger-debug-report.txt
-- Merging decision tree log ---
manifest
ADDED from src\main\AndroidManifest.xml:2:1-61:12
	package
		ADDED from src\main\AndroidManifest.xml:2:11-46
		INJECTED from src\main\AndroidManifest.xml
		INJECTED from src\main\AndroidManifest.xml
	android:versionName
		ADDED from src\main\AndroidManifest.xml:6:11-36
		INJECTED from src\main\AndroidManifest.xml
		INJECTED from src\main\AndroidManifest.xml
	xmlns:tools
		ADDED from src\main\AndroidManifest.xml:4:11-57
	android:versionCode
		ADDED from src\main\AndroidManifest.xml:5:11-34
		INJECTED from src\main\AndroidManifest.xml
		INJECTED from src\main\AndroidManifest.xml
	xmlns:android
		ADDED from src\main\AndroidManifest.xml:3:11-69
uses-sdk
ADDED from src\main\AndroidManifest.xml:8:5-10:40
MERGED from [com.android.support:design:23.1.1] AndroidManifest.xml:20:5-43
MERGED from [com.android.support:appcompat-v7:23.1.1] AndroidManifest.xml:20:5-43
MERGED from [com.android.support:recyclerview-v7:23.1.1] AndroidManifest.xml:20:5-43
MERGED from [com.android.support:support-v4:23.1.1] AndroidManifest.xml:20:5-43
MERGED from [com.github.YfCloudKit.YfKitLibrary:FFMpeg-decoder-encoder-https:-SNAPSHOT] AndroidManifest.xml:7:5-9:41
MERGED from [com.github.YfCloudKit.YfKitLibrary:MuxerLib-stream:-SNAPSHOT] AndroidManifest.xml:7:5-9:41
MERGED from [com.github.YfCloudKit.YfKitLibrary:YfAuthentication:-SNAPSHOT] AndroidManifest.xml:7:5-9:41
MERGED from [com.github.YfCloudKit.YfKitLibrary:YfEncoderKit:-SNAPSHOT] AndroidManifest.xml:7:5-9:41
MERGED from [com.github.YfCloudKit.YfKitLibrary:YfMediaPlayer:-SNAPSHOT] AndroidManifest.xml:7:5-9:41
MERGED from [com.github.YfCloudKit.YfKitLibrary:YfVr:-SNAPSHOT] AndroidManifest.xml:7:5-9:41
	android:targetSdkVersion
		ADDED from src\main\AndroidManifest.xml:10:9-38
		INJECTED from src\main\AndroidManifest.xml
		INJECTED from src\main\AndroidManifest.xml
	android:minSdkVersion
		ADDED from src\main\AndroidManifest.xml:9:9-35
		INJECTED from src\main\AndroidManifest.xml
		INJECTED from src\main\AndroidManifest.xml
uses-permission#android.permission.INTERNET
ADDED from src\main\AndroidManifest.xml:12:5-66
	android:name
		ADDED from src\main\AndroidManifest.xml:12:22-64
uses-permission#android.permission.WRITE_EXTERNAL_STORAGE
ADDED from src\main\AndroidManifest.xml:13:5-80
	android:name
		ADDED from src\main\AndroidManifest.xml:13:22-78
uses-permission#android.permission.ACCESS_WIFI_STATE
ADDED from src\main\AndroidManifest.xml:14:5-75
	android:name
		ADDED from src\main\AndroidManifest.xml:14:22-73
uses-permission#android.permission.READ_EXTERNAL_STORAGE
ADDED from src\main\AndroidManifest.xml:15:5-79
	android:name
		ADDED from src\main\AndroidManifest.xml:15:22-77
uses-permission#android.permission.ACCESS_NETWORK_STATE
ADDED from src\main\AndroidManifest.xml:16:5-78
	android:name
		ADDED from src\main\AndroidManifest.xml:16:22-76
application
ADDED from src\main\AndroidManifest.xml:18:5-59:19
MERGED from [com.android.support:design:23.1.1] AndroidManifest.xml:22:5-20
MERGED from [com.android.support:appcompat-v7:23.1.1] AndroidManifest.xml:22:5-20
MERGED from [com.android.support:support-v4:23.1.1] AndroidManifest.xml:22:5-20
MERGED from [com.github.YfCloudKit.YfKitLibrary:YfAuthentication:-SNAPSHOT] AndroidManifest.xml:11:5-15:19
MERGED from [com.github.YfCloudKit.YfKitLibrary:YfEncoderKit:-SNAPSHOT] AndroidManifest.xml:11:5-15:19
MERGED from [com.github.YfCloudKit.YfKitLibrary:YfMediaPlayer:-SNAPSHOT] AndroidManifest.xml:11:5-15:19
MERGED from [com.github.YfCloudKit.YfKitLibrary:YfVr:-SNAPSHOT] AndroidManifest.xml:11:5-15:19
	android:label
		ADDED from src\main\AndroidManifest.xml:21:9-41
		REJECTED from [com.github.YfCloudKit.YfKitLibrary:YfAuthentication:-SNAPSHOT] AndroidManifest.xml:13:9-41
		REJECTED from [com.github.YfCloudKit.YfKitLibrary:YfEncoderKit:-SNAPSHOT] AndroidManifest.xml:13:9-41
		REJECTED from [com.github.YfCloudKit.YfKitLibrary:YfMediaPlayer:-SNAPSHOT] AndroidManifest.xml:13:9-41
		REJECTED from [com.github.YfCloudKit.YfKitLibrary:YfVr:-SNAPSHOT] AndroidManifest.xml:13:9-41
	android:supportsRtl
		ADDED from src\main\AndroidManifest.xml:22:9-35
	android:allowBackup
		ADDED from src\main\AndroidManifest.xml:19:9-36
		REJECTED from [com.github.YfCloudKit.YfKitLibrary:YfAuthentication:-SNAPSHOT] AndroidManifest.xml:12:9-35
		REJECTED from [com.github.YfCloudKit.YfKitLibrary:YfEncoderKit:-SNAPSHOT] AndroidManifest.xml:12:9-35
		REJECTED from [com.github.YfCloudKit.YfKitLibrary:YfMediaPlayer:-SNAPSHOT] AndroidManifest.xml:12:9-35
		REJECTED from [com.github.YfCloudKit.YfKitLibrary:YfVr:-SNAPSHOT] AndroidManifest.xml:12:9-35
	android:icon
		ADDED from src\main\AndroidManifest.xml:20:9-43
	android:theme
		ADDED from src\main\AndroidManifest.xml:23:9-40
	tools:replace
		ADDED from src\main\AndroidManifest.xml:24:9-71
activity#com.yunfan.player.MainActivity
ADDED from src\main\AndroidManifest.xml:25:9-34:20
	android:label
		ADDED from src\main\AndroidManifest.xml:27:13-45
	android:theme
		ADDED from src\main\AndroidManifest.xml:28:13-56
	android:name
		ADDED from src\main\AndroidManifest.xml:26:13-58
intent-filter#android.intent.action.MAIN+android.intent.category.LAUNCHER
ADDED from src\main\AndroidManifest.xml:29:13-33:29
action#android.intent.action.MAIN
ADDED from src\main\AndroidManifest.xml:30:17-68
	android:name
		ADDED from src\main\AndroidManifest.xml:30:25-66
category#android.intent.category.LAUNCHER
ADDED from src\main\AndroidManifest.xml:32:17-76
	android:name
		ADDED from src\main\AndroidManifest.xml:32:27-74
activity#com.yunfan.player.demo.advance.MultiPlayerDemo
ADDED from src\main\AndroidManifest.xml:35:9-37:125
	android:configChanges
		ADDED from src\main\AndroidManifest.xml:37:13-113
	android:name
		ADDED from src\main\AndroidManifest.xml:36:13-74
activity#com.yunfan.player.demo.advance.SinglePlayerDemo
ADDED from src\main\AndroidManifest.xml:38:9-40:125
	android:configChanges
		ADDED from src\main\AndroidManifest.xml:40:13-113
	android:name
		ADDED from src\main\AndroidManifest.xml:39:13-75
activity#com.yunfan.player.demo.advance.SmoothPlayDemo
ADDED from src\main\AndroidManifest.xml:41:9-45:68
	android:launchMode
		ADDED from src\main\AndroidManifest.xml:44:13-44
	android:configChanges
		ADDED from src\main\AndroidManifest.xml:43:13-74
	android:theme
		ADDED from src\main\AndroidManifest.xml:45:13-56
	android:name
		ADDED from src\main\AndroidManifest.xml:42:13-73
activity#com.yunfan.player.demo.YfCloudPlayerDemo
ADDED from src\main\AndroidManifest.xml:46:9-49:68
	android:configChanges
		ADDED from src\main\AndroidManifest.xml:48:13-74
	android:theme
		ADDED from src\main\AndroidManifest.xml:49:13-56
	android:name
		ADDED from src\main\AndroidManifest.xml:47:13-68
activity#com.yunfan.player.demo.VRYfCloudPlayerDemo
ADDED from src\main\AndroidManifest.xml:50:9-54:68
	android:screenOrientation
		ADDED from src\main\AndroidManifest.xml:53:13-50
	android:configChanges
		ADDED from src\main\AndroidManifest.xml:52:13-59
	android:theme
		ADDED from src\main\AndroidManifest.xml:54:13-56
	android:name
		ADDED from src\main\AndroidManifest.xml:51:13-70
activity#com.yunfan.player.demo.YfPlayerKitDemo
ADDED from src\main\AndroidManifest.xml:55:8-58:68
	android:configChanges
		ADDED from src\main\AndroidManifest.xml:57:13-74
	android:theme
		ADDED from src\main\AndroidManifest.xml:58:13-56
	android:name
		ADDED from src\main\AndroidManifest.xml:56:13-66